Using pre-set license
Built from '2020.2/release' branch; Version is '2020.2.4f1 (becced5a802b) revision 12504301'; Using compiler version '192528614'; Build Type 'Release'
OS: 'Windows 10 Home; OS build 19041.867; Version 2004; 64bit' Language: 'pt' Physical Memory: 16276 MB
BatchMode: 1, IsHumanControllingUs: 0, StartBugReporterOnCrash: 0, Is64bit: 1, IsPro: 0

 COMMAND LINE ARGUMENTS:
C:\Program Files\Unity\Hub\Editor\2020.2.4f1\Editor\Unity.exe
-adb2
-batchMode
-noUpm
-name
AssetImportWorker0
-projectPath
E:/Univ/Cadeiras/3 ano/2 semestre/FIA/Projeto/Projeto1/Meta1/ProjetoD31
-logFile
Logs/AssetImportWorker0.log
-srvPort
52013
Successfully changed project path to: E:/Univ/Cadeiras/3 ano/2 semestre/FIA/Projeto/Projeto1/Meta1/ProjetoD31
E:/Univ/Cadeiras/3 ano/2 semestre/FIA/Projeto/Projeto1/Meta1/ProjetoD31
Using Asset Import Pipeline V2.
Refreshing native plugins compatible for Editor in 26.47 ms, found 0 plugins.
Preloading 0 native plugins for Editor in 0.00 ms.
Initialize engine version: 2020.2.4f1 (becced5a802b)
[Subsystems] Discovering subsystems at path C:/Program Files/Unity/Hub/Editor/2020.2.4f1/Editor/Data/Resources/UnitySubsystems
[Subsystems] Discovering subsystems at path E:/Univ/Cadeiras/3 ano/2 semestre/FIA/Projeto/Projeto1/Meta1/ProjetoD31/Assets
GfxDevice: creating device client; threaded=0
Direct3D:
    Version:  Direct3D 11.0 [level 11.1]
    Renderer: NVIDIA GeForce GTX 1060 with Max-Q Design (ID=0x1c20)
    Vendor:   
    VRAM:     6052 MB
    Driver:   27.21.14.6089
Initialize mono
Mono path[0] = 'C:/Program Files/Unity/Hub/Editor/2020.2.4f1/Editor/Data/Managed'
Mono path[1] = 'C:/Program Files/Unity/Hub/Editor/2020.2.4f1/Editor/Data/MonoBleedingEdge/lib/mono/unityjit'
Mono config path = 'C:/Program Files/Unity/Hub/Editor/2020.2.4f1/Editor/Data/MonoBleedingEdge/etc'
Using monoOptions --debugger-agent=transport=dt_socket,embedding=1,server=y,suspend=n,address=127.0.0.1:56020
Begin MonoManager ReloadAssembly
Registering precompiled unity dll's ...
Register platform support module: C:/Program Files/Unity/Hub/Editor/2020.2.4f1/Editor/Data/PlaybackEngines/WindowsStandaloneSupport/UnityEditor.WindowsStandalone.Extensions.dll
Registered in 0.003206 seconds.
Native extension for WindowsStandalone target not found
Refreshing native plugins compatible for Editor in 26.12 ms, found 0 plugins.
Preloading 0 native plugins for Editor in 0.00 ms.
Invoked RoslynAnalysisRunner static constructor.
RoslynAnalysisRunner will not be running.
RoslynAnalysisRunner has terminated.
Mono: successfully reloaded assembly
- Completed reload, in  1.343 seconds
Platform modules already initialized, skipping
Registering precompiled user dll's ...
Registered in 0.000597 seconds.
Begin MonoManager ReloadAssembly
Native extension for WindowsStandalone target not found
Refreshing native plugins compatible for Editor in 0.27 ms, found 0 plugins.
Preloading 0 native plugins for Editor in 0.00 ms.
Invoked RoslynAnalysisRunner static constructor.
RoslynAnalysisRunner will not be running.
RoslynAnalysisRunner has terminated.
Mono: successfully reloaded assembly
- Completed reload, in  0.971 seconds
Platform modules already initialized, skipping
========================================================================
Worker process is ready to serve import requests
Launched and connected shader compiler UnityShaderCompiler.exe after 0.07 seconds
Refreshing native plugins compatible for Editor in 0.23 ms, found 0 plugins.
Preloading 0 native plugins for Editor in 0.00 ms.
Unloading 1111 Unused Serialized files (Serialized files now loaded: 0)
System memory in use before: 57.3 MB.
System memory in use after: 57.4 MB.

Unloading 10 unused Assets to reduce memory usage. Loaded Objects now: 1556.
Total: 2.488100 ms (FindLiveObjects: 0.141200 ms CreateObjectMapping: 0.034000 ms MarkObjects: 2.185600 ms  DeleteObjects: 0.126100 ms)

========================================================================
Received Import Request.
  path: Assets/Scripts/BlockDetectorScript.cs
  artifactKey: Guid(ea0a6ac58e2ef4bb184d9c065cbf536b) Importer(815301076,1909f56bfc062723c751e8b465ee728b)
Start importing Assets/Scripts/BlockDetectorScript.cs using Guid(ea0a6ac58e2ef4bb184d9c065cbf536b) Importer(815301076,1909f56bfc062723c751e8b465ee728b)  -> (artifact id: 'dae1366bdbb4c8fa14d6415739b64b72') in 0.057707 seconds
  Import took 0.060383 seconds .

========================================================================
Received Import Request.
  Time since last request: 0.000278 seconds.
  path: Assets/Scripts/ResourceDetectorScript.cs
  artifactKey: Guid(ec3a16dc6bfeb4c468864d89ef9d7563) Importer(815301076,1909f56bfc062723c751e8b465ee728b)
Start importing Assets/Scripts/ResourceDetectorScript.cs using Guid(ec3a16dc6bfeb4c468864d89ef9d7563) Importer(815301076,1909f56bfc062723c751e8b465ee728b)  -> (artifact id: '7fe4baa4ad9c791236fb229f1040c8ec') in 0.028121 seconds
  Import took 0.030527 seconds .

========================================================================
Received Prepare
Registering precompiled user dll's ...
Registered in 0.000559 seconds.
Begin MonoManager ReloadAssembly
Native extension for WindowsStandalone target not found
Refreshing native plugins compatible for Editor in 0.24 ms, found 0 plugins.
Preloading 0 native plugins for Editor in 0.00 ms.
Invoked RoslynAnalysisRunner static constructor.
RoslynAnalysisRunner will not be running.
RoslynAnalysisRunner has terminated.
Mono: successfully reloaded assembly
- Completed reload, in  0.907 seconds
Platform modules already initialized, skipping
Refreshing native plugins compatible for Editor in 0.25 ms, found 0 plugins.
Preloading 0 native plugins for Editor in 0.00 ms.
Unloading 1106 Unused Serialized files (Serialized files now loaded: 0)
System memory in use before: 57.3 MB.
System memory in use after: 57.3 MB.

Unloading 5 unused Assets to reduce memory usage. Loaded Objects now: 1558.
Total: 2.377400 ms (FindLiveObjects: 0.212600 ms CreateObjectMapping: 0.108700 ms MarkObjects: 1.957200 ms  DeleteObjects: 0.097400 ms)

========================================================================
Received Prepare
Registering precompiled user dll's ...
Registered in 0.000781 seconds.
Begin MonoManager ReloadAssembly
Native extension for WindowsStandalone target not found
Refreshing native plugins compatible for Editor in 0.25 ms, found 0 plugins.
Preloading 0 native plugins for Editor in 0.00 ms.
Invoked RoslynAnalysisRunner static constructor.
RoslynAnalysisRunner will not be running.
RoslynAnalysisRunner has terminated.
Mono: successfully reloaded assembly
- Completed reload, in  0.898 seconds
Platform modules already initialized, skipping
Refreshing native plugins compatible for Editor in 0.24 ms, found 0 plugins.
Preloading 0 native plugins for Editor in 0.00 ms.
Unloading 1106 Unused Serialized files (Serialized files now loaded: 0)
System memory in use before: 57.3 MB.
System memory in use after: 57.4 MB.

Unloading 5 unused Assets to reduce memory usage. Loaded Objects now: 1560.
Total: 1.672200 ms (FindLiveObjects: 0.125300 ms CreateObjectMapping: 0.036100 ms MarkObjects: 1.396700 ms  DeleteObjects: 0.112600 ms)

========================================================================
Received Prepare
Registering precompiled user dll's ...
Registered in 0.000631 seconds.
Begin MonoManager ReloadAssembly
Native extension for WindowsStandalone target not found
Refreshing native plugins compatible for Editor in 0.21 ms, found 0 plugins.
Preloading 0 native plugins for Editor in 0.00 ms.
Invoked RoslynAnalysisRunner static constructor.
RoslynAnalysisRunner will not be running.
RoslynAnalysisRunner has terminated.
Mono: successfully reloaded assembly
- Completed reload, in  0.871 seconds
Platform modules already initialized, skipping
Refreshing native plugins compatible for Editor in 0.29 ms, found 0 plugins.
Preloading 0 native plugins for Editor in 0.00 ms.
Unloading 1106 Unused Serialized files (Serialized files now loaded: 0)
System memory in use before: 57.3 MB.
System memory in use after: 57.4 MB.

Unloading 5 unused Assets to reduce memory usage. Loaded Objects now: 1562.
Total: 2.793600 ms (FindLiveObjects: 0.308000 ms CreateObjectMapping: 0.149400 ms MarkObjects: 2.204200 ms  DeleteObjects: 0.129800 ms)

========================================================================
Received Prepare
Registering precompiled user dll's ...
Registered in 0.000543 seconds.
Begin MonoManager ReloadAssembly
Native extension for WindowsStandalone target not found
Refreshing native plugins compatible for Editor in 0.20 ms, found 0 plugins.
Preloading 0 native plugins for Editor in 0.00 ms.
Invoked RoslynAnalysisRunner static constructor.
RoslynAnalysisRunner will not be running.
RoslynAnalysisRunner has terminated.
Mono: successfully reloaded assembly
- Completed reload, in  0.976 seconds
Platform modules already initialized, skipping
Refreshing native plugins compatible for Editor in 0.24 ms, found 0 plugins.
Preloading 0 native plugins for Editor in 0.00 ms.
Unloading 1106 Unused Serialized files (Serialized files now loaded: 0)
System memory in use before: 57.3 MB.
System memory in use after: 57.4 MB.

Unloading 5 unused Assets to reduce memory usage. Loaded Objects now: 1564.
Total: 1.990900 ms (FindLiveObjects: 0.193900 ms CreateObjectMapping: 0.040600 ms MarkObjects: 1.643400 ms  DeleteObjects: 0.110900 ms)

========================================================================
Received Import Request.
  Time since last request: 2040.193229 seconds.
  path: Assets/Prefabs/D31-r.prefab
  artifactKey: Guid(b606527f8af28664a894844f3f526637) Importer(815301076,1909f56bfc062723c751e8b465ee728b)
Start importing Assets/Prefabs/D31-r.prefab using Guid(b606527f8af28664a894844f3f526637) Importer(815301076,1909f56bfc062723c751e8b465ee728b)  -> (artifact id: '9504b1ebd8f513a61647f2df5ad70d4f') in 0.139156 seconds
  Import took 0.141626 seconds .

========================================================================
Received Import Request.
  Time since last request: 0.001879 seconds.
  path: Assets/Prefabs/D31-r.prefab
  artifactKey: Guid(b606527f8af28664a894844f3f526637) Importer(815301076,1909f56bfc062723c751e8b465ee728b)
Start importing Assets/Prefabs/D31-r.prefab using Guid(b606527f8af28664a894844f3f526637) Importer(815301076,1909f56bfc062723c751e8b465ee728b)  -> (artifact id: '9504b1ebd8f513a61647f2df5ad70d4f') in 0.017195 seconds
  Import took 0.020481 seconds .

========================================================================
Received Import Request.
  Time since last request: 3.172559 seconds.
  path: Assets/Scenes/map2b.unity
  artifactKey: Guid(7abbdae47a2818e47af12a76f6c6a685) Importer(815301076,1909f56bfc062723c751e8b465ee728b)
Start importing Assets/Scenes/map2b.unity using Guid(7abbdae47a2818e47af12a76f6c6a685) Importer(815301076,1909f56bfc062723c751e8b465ee728b)  -> (artifact id: '56cb9a2de6298bd9e83fc2b44886671d') in 0.009691 seconds
  Import took 0.012229 seconds .

========================================================================
Received Prepare
Registering precompiled user dll's ...
Registered in 0.000587 seconds.
Begin MonoManager ReloadAssembly
Native extension for WindowsStandalone target not found
Refreshing native plugins compatible for Editor in 0.20 ms, found 0 plugins.
Preloading 0 native plugins for Editor in 0.00 ms.
Invoked RoslynAnalysisRunner static constructor.
RoslynAnalysisRunner will not be running.
RoslynAnalysisRunner has terminated.
Mono: successfully reloaded assembly
- Completed reload, in  0.900 seconds
Platform modules already initialized, skipping
Refreshing native plugins compatible for Editor in 0.22 ms, found 0 plugins.
Preloading 0 native plugins for Editor in 0.00 ms.
Unloading 1106 Unused Serialized files (Serialized files now loaded: 0)
System memory in use before: 60.5 MB.
System memory in use after: 60.6 MB.

Unloading 6 unused Assets to reduce memory usage. Loaded Objects now: 1575.
Total: 2.237900 ms (FindLiveObjects: 0.165700 ms CreateObjectMapping: 0.038500 ms MarkObjects: 1.932300 ms  DeleteObjects: 0.099900 ms)

========================================================================
Received Prepare
Registering precompiled user dll's ...
Registered in 0.000951 seconds.
Begin MonoManager ReloadAssembly
Native extension for WindowsStandalone target not found
Refreshing native plugins compatible for Editor in 0.36 ms, found 0 plugins.
Preloading 0 native plugins for Editor in 0.00 ms.
Invoked RoslynAnalysisRunner static constructor.
RoslynAnalysisRunner will not be running.
RoslynAnalysisRunner has terminated.
Mono: successfully reloaded assembly
- Completed reload, in  0.904 seconds
Platform modules already initialized, skipping
Refreshing native plugins compatible for Editor in 0.30 ms, found 0 plugins.
Preloading 0 native plugins for Editor in 0.00 ms.
Unloading 1106 Unused Serialized files (Serialized files now loaded: 0)
System memory in use before: 60.5 MB.
System memory in use after: 60.6 MB.

Unloading 5 unused Assets to reduce memory usage. Loaded Objects now: 1577.
Total: 1.969600 ms (FindLiveObjects: 0.154200 ms CreateObjectMapping: 0.075700 ms MarkObjects: 1.660200 ms  DeleteObjects: 0.078100 ms)

========================================================================
Received Prepare
Registering precompiled user dll's ...
Registered in 0.000785 seconds.
Begin MonoManager ReloadAssembly
Native extension for WindowsStandalone target not found
Refreshing native plugins compatible for Editor in 0.22 ms, found 0 plugins.
Preloading 0 native plugins for Editor in 0.00 ms.
Invoked RoslynAnalysisRunner static constructor.
RoslynAnalysisRunner will not be running.
RoslynAnalysisRunner has terminated.
Mono: successfully reloaded assembly
- Completed reload, in  0.903 seconds
Platform modules already initialized, skipping
Refreshing native plugins compatible for Editor in 0.32 ms, found 0 plugins.
Preloading 0 native plugins for Editor in 0.00 ms.
Unloading 1106 Unused Serialized files (Serialized files now loaded: 0)
System memory in use before: 60.5 MB.
System memory in use after: 60.6 MB.

Unloading 5 unused Assets to reduce memory usage. Loaded Objects now: 1579.
Total: 2.196400 ms (FindLiveObjects: 0.216100 ms CreateObjectMapping: 0.078900 ms MarkObjects: 1.796400 ms  DeleteObjects: 0.104000 ms)

========================================================================
Received Prepare
Registering precompiled user dll's ...
Registered in 0.000635 seconds.
Begin MonoManager ReloadAssembly
Native extension for WindowsStandalone target not found
Refreshing native plugins compatible for Editor in 0.23 ms, found 0 plugins.
Preloading 0 native plugins for Editor in 0.00 ms.
Invoked RoslynAnalysisRunner static constructor.
RoslynAnalysisRunner will not be running.
RoslynAnalysisRunner has terminated.
Mono: successfully reloaded assembly
- Completed reload, in  1.172 seconds
Platform modules already initialized, skipping
Refreshing native plugins compatible for Editor in 0.37 ms, found 0 plugins.
Preloading 0 native plugins for Editor in 0.00 ms.
Unloading 1106 Unused Serialized files (Serialized files now loaded: 0)
System memory in use before: 60.5 MB.
System memory in use after: 60.6 MB.

Unloading 5 unused Assets to reduce memory usage. Loaded Objects now: 1581.
Total: 2.044000 ms (FindLiveObjects: 0.142700 ms CreateObjectMapping: 0.060000 ms MarkObjects: 1.761100 ms  DeleteObjects: 0.078000 ms)

========================================================================
Received Prepare
Registering precompiled user dll's ...
Registered in 0.000707 seconds.
Begin MonoManager ReloadAssembly
Native extension for WindowsStandalone target not found
Refreshing native plugins compatible for Editor in 0.20 ms, found 0 plugins.
Preloading 0 native plugins for Editor in 0.00 ms.
Invoked RoslynAnalysisRunner static constructor.
RoslynAnalysisRunner will not be running.
RoslynAnalysisRunner has terminated.
Mono: successfully reloaded assembly
- Completed reload, in  0.898 seconds
Platform modules already initialized, skipping
Refreshing native plugins compatible for Editor in 0.25 ms, found 0 plugins.
Preloading 0 native plugins for Editor in 0.00 ms.
Unloading 1106 Unused Serialized files (Serialized files now loaded: 0)
System memory in use before: 60.5 MB.
System memory in use after: 60.6 MB.

Unloading 5 unused Assets to reduce memory usage. Loaded Objects now: 1583.
Total: 2.041400 ms (FindLiveObjects: 0.149200 ms CreateObjectMapping: 0.056800 ms MarkObjects: 1.740100 ms  DeleteObjects: 0.093600 ms)

========================================================================
Received Prepare
Registering precompiled user dll's ...
Registered in 0.000829 seconds.
Begin MonoManager ReloadAssembly
Native extension for WindowsStandalone target not found
Refreshing native plugins compatible for Editor in 0.26 ms, found 0 plugins.
Preloading 0 native plugins for Editor in 0.00 ms.
Invoked RoslynAnalysisRunner static constructor.
RoslynAnalysisRunner will not be running.
RoslynAnalysisRunner has terminated.
Mono: successfully reloaded assembly
- Completed reload, in  0.939 seconds
Platform modules already initialized, skipping
Refreshing native plugins compatible for Editor in 0.23 ms, found 0 plugins.
Preloading 0 native plugins for Editor in 0.00 ms.
Unloading 1106 Unused Serialized files (Serialized files now loaded: 0)
System memory in use before: 60.5 MB.
System memory in use after: 60.6 MB.

Unloading 5 unused Assets to reduce memory usage. Loaded Objects now: 1585.
Total: 1.933300 ms (FindLiveObjects: 0.251600 ms CreateObjectMapping: 0.054200 ms MarkObjects: 1.543200 ms  DeleteObjects: 0.082300 ms)

========================================================================
Received Import Request.
  Time since last request: 751.448230 seconds.
  path: Assets/Scripts/LinearRobotUnitBehaviour.cs
  artifactKey: Guid(6a5237eed76e64c3b922c64ee3f5f189) Importer(815301076,1909f56bfc062723c751e8b465ee728b)
Start importing Assets/Scripts/LinearRobotUnitBehaviour.cs using Guid(6a5237eed76e64c3b922c64ee3f5f189) Importer(815301076,1909f56bfc062723c751e8b465ee728b)  -> (artifact id: '1ce3a01bbb66a2d667e9870c2c9f9816') in 0.009782 seconds
  Import took 0.012571 seconds .

========================================================================
Received Import Request.
  Time since last request: 2.731441 seconds.
  path: Assets/Scripts/BlockDetectorScript.cs
  artifactKey: Guid(ea0a6ac58e2ef4bb184d9c065cbf536b) Importer(815301076,1909f56bfc062723c751e8b465ee728b)
Start importing Assets/Scripts/BlockDetectorScript.cs using Guid(ea0a6ac58e2ef4bb184d9c065cbf536b) Importer(815301076,1909f56bfc062723c751e8b465ee728b)  -> (artifact id: '66b5172f7c23b31c7832c2d20d952193') in 0.006914 seconds
  Import took 0.009146 seconds .

========================================================================
Received Import Request.
  Time since last request: 267.805835 seconds.
  path: Assets/Scripts/GaussianRobotUnitBehaviour.cs
  artifactKey: Guid(b9d64abdcd3a2324c9020c9505bc303b) Importer(815301076,1909f56bfc062723c751e8b465ee728b)
Start importing Assets/Scripts/GaussianRobotUnitBehaviour.cs using Guid(b9d64abdcd3a2324c9020c9505bc303b) Importer(815301076,1909f56bfc062723c751e8b465ee728b)  -> (artifact id: '90916122d890cc527a3e4aad8b735c9f') in 0.010401 seconds
  Import took 0.012953 seconds .

========================================================================
Received Import Request.
  Time since last request: 0.004367 seconds.
  path: Assets/Scripts/GaussianRobotUnitBehaviour.cs
  artifactKey: Guid(b9d64abdcd3a2324c9020c9505bc303b) Importer(815301076,1909f56bfc062723c751e8b465ee728b)
Start importing Assets/Scripts/GaussianRobotUnitBehaviour.cs using Guid(b9d64abdcd3a2324c9020c9505bc303b) Importer(815301076,1909f56bfc062723c751e8b465ee728b)  -> (artifact id: '90916122d890cc527a3e4aad8b735c9f') in 0.002849 seconds
  Import took 0.005075 seconds .

========================================================================
Received Import Request.
  Time since last request: 2.310861 seconds.
  path: Assets/Scripts/LogRobotUnitBehaviour.cs
  artifactKey: Guid(f8fcacaa6237fcb479184ff35b3ca568) Importer(815301076,1909f56bfc062723c751e8b465ee728b)
Start importing Assets/Scripts/LogRobotUnitBehaviour.cs using Guid(f8fcacaa6237fcb479184ff35b3ca568) Importer(815301076,1909f56bfc062723c751e8b465ee728b)  -> (artifact id: '0ea1a8d9aee65d5f1ca855566b7812a8') in 0.008340 seconds
  Import took 0.010993 seconds .

========================================================================
Received Import Request.
  Time since last request: 0.000655 seconds.
  path: Assets/Scripts/LogRobotUnitBehaviour.cs
  artifactKey: Guid(f8fcacaa6237fcb479184ff35b3ca568) Importer(815301076,1909f56bfc062723c751e8b465ee728b)
Start importing Assets/Scripts/LogRobotUnitBehaviour.cs using Guid(f8fcacaa6237fcb479184ff35b3ca568) Importer(815301076,1909f56bfc062723c751e8b465ee728b)  -> (artifact id: '0ea1a8d9aee65d5f1ca855566b7812a8') in 0.003719 seconds
  Import took 0.006567 seconds .

========================================================================
Received Prepare
Registering precompiled user dll's ...
Registered in 0.000860 seconds.
Begin MonoManager ReloadAssembly
Native extension for WindowsStandalone target not found
Refreshing native plugins compatible for Editor in 0.26 ms, found 0 plugins.
Preloading 0 native plugins for Editor in 0.00 ms.
Invoked RoslynAnalysisRunner static constructor.
RoslynAnalysisRunner will not be running.
RoslynAnalysisRunner has terminated.
Mono: successfully reloaded assembly
- Completed reload, in  0.871 seconds
Platform modules already initialized, skipping
Refreshing native plugins compatible for Editor in 0.25 ms, found 0 plugins.
Preloading 0 native plugins for Editor in 0.00 ms.
Unloading 1108 Unused Serialized files (Serialized files now loaded: 0)
System memory in use before: 60.6 MB.
System memory in use after: 60.6 MB.

Unloading 5 unused Assets to reduce memory usage. Loaded Objects now: 1589.
Total: 2.240500 ms (FindLiveObjects: 0.340900 ms CreateObjectMapping: 0.107000 ms MarkObjects: 1.674400 ms  DeleteObjects: 0.116900 ms)

========================================================================
Received Import Request.
  Time since last request: 20.648276 seconds.
  path: Assets/Scripts/LogRobotUnitBehaviour.cs
  artifactKey: Guid(f8fcacaa6237fcb479184ff35b3ca568) Importer(815301076,1909f56bfc062723c751e8b465ee728b)
Start importing Assets/Scripts/LogRobotUnitBehaviour.cs using Guid(f8fcacaa6237fcb479184ff35b3ca568) Importer(815301076,1909f56bfc062723c751e8b465ee728b)  -> (artifact id: '826642ac4621d49a72ddb66f72b425fa') in 0.004898 seconds
  Import took 0.007005 seconds .

========================================================================
Received Import Request.
  Time since last request: 40.711737 seconds.
  path: Assets/Scripts/LogRobotUnitBehaviour.cs
  artifactKey: Guid(f8fcacaa6237fcb479184ff35b3ca568) Importer(815301076,1909f56bfc062723c751e8b465ee728b)
Start importing Assets/Scripts/LogRobotUnitBehaviour.cs using Guid(f8fcacaa6237fcb479184ff35b3ca568) Importer(815301076,1909f56bfc062723c751e8b465ee728b)  -> (artifact id: '796538faa53d79ae93eb1cf9280f015b') in 0.003807 seconds
  Import took 0.006675 seconds .

========================================================================
Received Import Request.
  Time since last request: 129.590372 seconds.
  path: Assets/Prefabs/D31-r.prefab
  artifactKey: Guid(b606527f8af28664a894844f3f526637) Importer(815301076,1909f56bfc062723c751e8b465ee728b)
Start importing Assets/Prefabs/D31-r.prefab using Guid(b606527f8af28664a894844f3f526637) Importer(815301076,1909f56bfc062723c751e8b465ee728b)  -> (artifact id: 'b1045323b10b06f03a33fb1438c8dbbf') in 0.073713 seconds
  Import took 0.077075 seconds .

========================================================================
Received Import Request.
  Time since last request: 26.309487 seconds.
  path: Assets/Prefabs/D31-r.prefab
  artifactKey: Guid(b606527f8af28664a894844f3f526637) Importer(815301076,1909f56bfc062723c751e8b465ee728b)
Start importing Assets/Prefabs/D31-r.prefab using Guid(b606527f8af28664a894844f3f526637) Importer(815301076,1909f56bfc062723c751e8b465ee728b)  -> (artifact id: '6978a55dcf618a3ca1a6899f8906e8c6') in 0.116277 seconds
  Import took 0.119144 seconds .

========================================================================
Received Import Request.
  Time since last request: 6.303244 seconds.
  path: Assets/Prefabs/D31-r.prefab
  artifactKey: Guid(b606527f8af28664a894844f3f526637) Importer(815301076,1909f56bfc062723c751e8b465ee728b)
Start importing Assets/Prefabs/D31-r.prefab using Guid(b606527f8af28664a894844f3f526637) Importer(815301076,1909f56bfc062723c751e8b465ee728b)  -> (artifact id: '40f34dd93d22d847d36a1c9c6b8070c9') in 0.019185 seconds
  Import took 0.022986 seconds .

========================================================================
Received Import Request.
  Time since last request: 12.935367 seconds.
  path: Assets/Prefabs/D31-r.prefab
  artifactKey: Guid(b606527f8af28664a894844f3f526637) Importer(815301076,1909f56bfc062723c751e8b465ee728b)
Start importing Assets/Prefabs/D31-r.prefab using Guid(b606527f8af28664a894844f3f526637) Importer(815301076,1909f56bfc062723c751e8b465ee728b)  -> (artifact id: '6dca45af1c954f777934e5327cad67fb') in 0.018177 seconds
  Import took 0.021026 seconds .

========================================================================
Received Import Request.
  Time since last request: 3.674787 seconds.
  path: Assets/Prefabs/D31-r.prefab
  artifactKey: Guid(b606527f8af28664a894844f3f526637) Importer(815301076,1909f56bfc062723c751e8b465ee728b)
Start importing Assets/Prefabs/D31-r.prefab using Guid(b606527f8af28664a894844f3f526637) Importer(815301076,1909f56bfc062723c751e8b465ee728b)  -> (artifact id: '1e647fc08cf7de954948f9581c3eb117') in 0.016950 seconds
  Import took 0.020152 seconds .

========================================================================
Received Import Request.
  Time since last request: 4.391495 seconds.
  path: Assets/Prefabs/D31-r.prefab
  artifactKey: Guid(b606527f8af28664a894844f3f526637) Importer(815301076,1909f56bfc062723c751e8b465ee728b)
Start importing Assets/Prefabs/D31-r.prefab using Guid(b606527f8af28664a894844f3f526637) Importer(815301076,1909f56bfc062723c751e8b465ee728b)  -> (artifact id: 'a1dc6c20919789ab457a89fbf7c77f3c') in 0.017742 seconds
  Import took 0.048835 seconds .

========================================================================
Received Import Request.
  Time since last request: 2.135912 seconds.
  path: Assets/Prefabs/D31-r.prefab
  artifactKey: Guid(b606527f8af28664a894844f3f526637) Importer(815301076,1909f56bfc062723c751e8b465ee728b)
Start importing Assets/Prefabs/D31-r.prefab using Guid(b606527f8af28664a894844f3f526637) Importer(815301076,1909f56bfc062723c751e8b465ee728b)  -> (artifact id: 'a0c38b8a0d65975ebfd570a34af12a15') in 0.019338 seconds
  Import took 0.022889 seconds .

========================================================================
Received Prepare
Registering precompiled user dll's ...
Registered in 0.000818 seconds.
Begin MonoManager ReloadAssembly
Native extension for WindowsStandalone target not found
Refreshing native plugins compatible for Editor in 0.26 ms, found 0 plugins.
Preloading 0 native plugins for Editor in 0.00 ms.
Invoked RoslynAnalysisRunner static constructor.
RoslynAnalysisRunner will not be running.
RoslynAnalysisRunner has terminated.
Mono: successfully reloaded assembly
- Completed reload, in  0.921 seconds
Platform modules already initialized, skipping
Refreshing native plugins compatible for Editor in 0.34 ms, found 0 plugins.
Preloading 0 native plugins for Editor in 0.00 ms.
Unloading 1108 Unused Serialized files (Serialized files now loaded: 0)
System memory in use before: 60.6 MB.
System memory in use after: 60.7 MB.

Unloading 6 unused Assets to reduce memory usage. Loaded Objects now: 1592.
Total: 1.993200 ms (FindLiveObjects: 0.272200 ms CreateObjectMapping: 0.063800 ms MarkObjects: 1.533100 ms  DeleteObjects: 0.121800 ms)

========================================================================
Received Prepare
Registering precompiled user dll's ...
Registered in 0.000604 seconds.
Begin MonoManager ReloadAssembly
Native extension for WindowsStandalone target not found
Refreshing native plugins compatible for Editor in 0.23 ms, found 0 plugins.
Preloading 0 native plugins for Editor in 0.00 ms.
Invoked RoslynAnalysisRunner static constructor.
RoslynAnalysisRunner will not be running.
RoslynAnalysisRunner has terminated.
Mono: successfully reloaded assembly
- Completed reload, in  1.032 seconds
Platform modules already initialized, skipping
Refreshing native plugins compatible for Editor in 0.31 ms, found 0 plugins.
Preloading 0 native plugins for Editor in 0.00 ms.
Unloading 1108 Unused Serialized files (Serialized files now loaded: 0)
System memory in use before: 60.6 MB.
System memory in use after: 60.7 MB.

Unloading 5 unused Assets to reduce memory usage. Loaded Objects now: 1594.
Total: 2.316500 ms (FindLiveObjects: 0.255300 ms CreateObjectMapping: 0.063700 ms MarkObjects: 1.885000 ms  DeleteObjects: 0.110200 ms)

========================================================================
Received Prepare
Registering precompiled user dll's ...
Registered in 0.000814 seconds.
Begin MonoManager ReloadAssembly
Native extension for WindowsStandalone target not found
Refreshing native plugins compatible for Editor in 0.25 ms, found 0 plugins.
Preloading 0 native plugins for Editor in 0.00 ms.
Invoked RoslynAnalysisRunner static constructor.
RoslynAnalysisRunner will not be running.
RoslynAnalysisRunner has terminated.
Mono: successfully reloaded assembly
- Completed reload, in  0.917 seconds
Platform modules already initialized, skipping
Refreshing native plugins compatible for Editor in 0.26 ms, found 0 plugins.
Preloading 0 native plugins for Editor in 0.00 ms.
Unloading 1108 Unused Serialized files (Serialized files now loaded: 0)
System memory in use before: 60.6 MB.
System memory in use after: 60.7 MB.

Unloading 5 unused Assets to reduce memory usage. Loaded Objects now: 1596.
Total: 2.774900 ms (FindLiveObjects: 0.286700 ms CreateObjectMapping: 0.048100 ms MarkObjects: 2.310200 ms  DeleteObjects: 0.127300 ms)

AssetImportWorkerClient::OnTransportError - code=2 error=End of file
